[2018-02-02 12:12:37 +0300] [32049] [INFO] Starting gunicorn 19.7.1
[2018-02-02 12:12:37 +0300] [32049] [INFO] Listening at: unix:/home/alex/prusenok/prusenok.sock (32049)
[2018-02-02 12:12:37 +0300] [32049] [INFO] Using worker: sync
[2018-02-02 12:12:37 +0300] [32055] [INFO] Booting worker with pid: 32055
[2018-02-02 12:12:37 +0300] [32056] [INFO] Booting worker with pid: 32056
[2018-02-02 12:54:47 +0300] [32049] [INFO] Handling signal: term
[2018-02-02 09:54:47 +0000] [32056] [INFO] Worker exiting (pid: 32056)
[2018-02-02 09:54:47 +0000] [32055] [INFO] Worker exiting (pid: 32055)
[2018-02-02 12:54:47 +0300] [32049] [INFO] Shutting down: Master
[2018-02-02 12:54:47 +0300] [32373] [INFO] Starting gunicorn 19.7.1
[2018-02-02 12:54:47 +0300] [32373] [INFO] Listening at: unix:/home/alex/prusenok/prusenok.sock (32373)
[2018-02-02 12:54:47 +0300] [32373] [INFO] Using worker: sync
[2018-02-02 12:54:47 +0300] [32379] [INFO] Booting worker with pid: 32379
[2018-02-02 12:54:47 +0300] [32380] [INFO] Booting worker with pid: 32380
[2018-02-02 11:23:52 +0000] [32379] [INFO] Worker exiting (pid: 32379)
[2018-02-02 11:23:52 +0000] [32380] [INFO] Worker exiting (pid: 32380)
[2018-02-02 14:23:52 +0300] [32373] [INFO] Handling signal: term
[2018-02-02 14:23:52 +0300] [32373] [INFO] Shutting down: Master
[2018-02-02 14:23:52 +0300] [2811] [INFO] Starting gunicorn 19.7.1
[2018-02-02 14:23:52 +0300] [2811] [INFO] Listening at: unix:/home/alex/prusenok/prusenok.sock (2811)
[2018-02-02 14:23:52 +0300] [2811] [INFO] Using worker: sync
[2018-02-02 14:23:52 +0300] [2817] [INFO] Booting worker with pid: 2817
[2018-02-02 14:23:52 +0300] [2819] [INFO] Booting worker with pid: 2819
[2018-02-02 18:37:50 +0300] [2811] [INFO] Handling signal: term
[2018-02-02 18:37:50 +0300] [2817] [INFO] Worker exiting (pid: 2817)
[2018-02-02 18:37:50 +0300] [2819] [INFO] Worker exiting (pid: 2819)
[2018-02-02 18:37:51 +0300] [2811] [INFO] Shutting down: Master
[2018-02-02 18:37:51 +0300] [3773] [INFO] Starting gunicorn 19.7.1
[2018-02-02 18:37:51 +0300] [3773] [INFO] Listening at: unix:/home/alex/prusenok/prusenok.sock (3773)
[2018-02-02 18:37:51 +0300] [3773] [INFO] Using worker: sync
[2018-02-02 18:37:51 +0300] [3779] [INFO] Booting worker with pid: 3779
[2018-02-02 18:37:51 +0300] [3781] [INFO] Booting worker with pid: 3781
[2018-02-02 18:38:29 +0300] [3773] [INFO] Handling signal: term
[2018-02-02 18:38:29 +0300] [3779] [INFO] Worker exiting (pid: 3779)
[2018-02-02 18:38:29 +0300] [3781] [INFO] Worker exiting (pid: 3781)
[2018-02-02 18:38:29 +0300] [3773] [INFO] Shutting down: Master
[2018-02-02 18:38:29 +0300] [3799] [INFO] Starting gunicorn 19.7.1
[2018-02-02 18:38:29 +0300] [3799] [INFO] Listening at: unix:/home/alex/prusenok/prusenok.sock (3799)
[2018-02-02 18:38:29 +0300] [3799] [INFO] Using worker: sync
[2018-02-02 18:38:29 +0300] [3806] [INFO] Booting worker with pid: 3806
[2018-02-02 18:38:29 +0300] [3808] [INFO] Booting worker with pid: 3808
[2018-02-05 09:52:06 +0300] [3799] [INFO] Handling signal: term
[2018-02-05 09:52:06 +0300] [3808] [INFO] Worker exiting (pid: 3808)
[2018-02-05 09:52:06 +0300] [3806] [INFO] Worker exiting (pid: 3806)
[2018-02-05 09:52:06 +0300] [3799] [INFO] Shutting down: Master
[2018-02-05 09:52:07 +0300] [16279] [INFO] Starting gunicorn 19.7.1
[2018-02-05 09:52:07 +0300] [16279] [INFO] Listening at: unix:/home/alex/prusenok/prusenok.sock (16279)
[2018-02-05 09:52:07 +0300] [16279] [INFO] Using worker: sync
[2018-02-05 09:52:07 +0300] [16285] [INFO] Booting worker with pid: 16285
[2018-02-05 09:52:07 +0300] [16287] [INFO] Booting worker with pid: 16287
[2018-02-05 09:52:58 +0300] [16279] [INFO] Handling signal: term
[2018-02-05 09:52:58 +0300] [16285] [INFO] Worker exiting (pid: 16285)
[2018-02-05 09:52:58 +0300] [16287] [INFO] Worker exiting (pid: 16287)
[2018-02-05 09:52:58 +0300] [16279] [INFO] Shutting down: Master
[2018-02-05 09:52:58 +0300] [16298] [INFO] Starting gunicorn 19.7.1
[2018-02-05 09:52:58 +0300] [16298] [INFO] Listening at: unix:/home/alex/prusenok/prusenok.sock (16298)
[2018-02-05 09:52:58 +0300] [16298] [INFO] Using worker: sync
[2018-02-05 09:52:58 +0300] [16305] [INFO] Booting worker with pid: 16305
[2018-02-05 09:52:58 +0300] [16307] [INFO] Booting worker with pid: 16307
[2018-02-05 09:54:53 +0300] [16298] [INFO] Handling signal: term
[2018-02-05 09:54:53 +0300] [16305] [INFO] Worker exiting (pid: 16305)
[2018-02-05 09:54:53 +0300] [16307] [INFO] Worker exiting (pid: 16307)
[2018-02-05 09:54:53 +0300] [16298] [INFO] Shutting down: Master
[2018-02-05 09:54:53 +0300] [16323] [INFO] Starting gunicorn 19.7.1
[2018-02-05 09:54:53 +0300] [16323] [INFO] Listening at: unix:/home/alex/prusenok/prusenok.sock (16323)
[2018-02-05 09:54:53 +0300] [16323] [INFO] Using worker: sync
[2018-02-05 09:54:53 +0300] [16329] [INFO] Booting worker with pid: 16329
[2018-02-05 09:54:53 +0300] [16330] [INFO] Booting worker with pid: 16330
[2018-02-05 09:56:13 +0300] [16323] [INFO] Handling signal: term
[2018-02-05 09:56:13 +0300] [16329] [INFO] Worker exiting (pid: 16329)
[2018-02-05 09:56:13 +0300] [16330] [INFO] Worker exiting (pid: 16330)
[2018-02-05 09:56:13 +0300] [16323] [INFO] Shutting down: Master
[2018-02-05 09:56:13 +0300] [16346] [INFO] Starting gunicorn 19.7.1
[2018-02-05 09:56:13 +0300] [16346] [INFO] Listening at: unix:/home/alex/prusenok/prusenok.sock (16346)
[2018-02-05 09:56:13 +0300] [16346] [INFO] Using worker: sync
[2018-02-05 09:56:13 +0300] [16351] [INFO] Booting worker with pid: 16351
[2018-02-05 09:56:13 +0300] [16352] [INFO] Booting worker with pid: 16352
[2018-02-05 09:57:39 +0300] [16346] [INFO] Handling signal: term
[2018-02-05 09:57:39 +0300] [16352] [INFO] Worker exiting (pid: 16352)
[2018-02-05 09:57:39 +0300] [16351] [INFO] Worker exiting (pid: 16351)
[2018-02-05 09:57:39 +0300] [16346] [INFO] Shutting down: Master
[2018-02-05 09:57:39 +0300] [16369] [INFO] Starting gunicorn 19.7.1
[2018-02-05 09:57:39 +0300] [16369] [INFO] Listening at: unix:/home/alex/prusenok/prusenok.sock (16369)
[2018-02-05 09:57:39 +0300] [16369] [INFO] Using worker: sync
[2018-02-05 09:57:39 +0300] [16375] [INFO] Booting worker with pid: 16375
[2018-02-05 09:57:40 +0300] [16377] [INFO] Booting worker with pid: 16377
[2018-02-05 10:06:46 +0300] [16369] [INFO] Handling signal: term
[2018-02-05 10:06:46 +0300] [16377] [INFO] Worker exiting (pid: 16377)
[2018-02-05 10:06:46 +0300] [16375] [INFO] Worker exiting (pid: 16375)
[2018-02-05 10:06:46 +0300] [16369] [INFO] Shutting down: Master
[2018-02-05 10:06:46 +0300] [16576] [INFO] Starting gunicorn 19.7.1
[2018-02-05 10:06:46 +0300] [16576] [INFO] Listening at: unix:/home/alex/prusenok/prusenok.sock (16576)
[2018-02-05 10:06:46 +0300] [16576] [INFO] Using worker: sync
[2018-02-05 10:06:46 +0300] [16582] [INFO] Booting worker with pid: 16582
[2018-02-05 10:06:46 +0300] [16584] [INFO] Booting worker with pid: 16584
[2018-02-05 10:06:46 +0300] [16582] [ERROR] Exception in worker process
Traceback (most recent call last):
  File "/home/alex/prusenok/prusenokenv/lib/python3.5/site-packages/gunicorn/arbiter.py", line 578, in spawn_worker
    worker.init_process()
  File "/home/alex/prusenok/prusenokenv/lib/python3.5/site-packages/gunicorn/workers/base.py", line 126, in init_process
    self.load_wsgi()
  File "/home/alex/prusenok/prusenokenv/lib/python3.5/site-packages/gunicorn/workers/base.py", line 135, in load_wsgi
    self.wsgi = self.app.wsgi()
  File "/home/alex/prusenok/prusenokenv/lib/python3.5/site-packages/gunicorn/app/base.py", line 67, in wsgi
    self.callable = self.load()
  File "/home/alex/prusenok/prusenokenv/lib/python3.5/site-packages/gunicorn/app/wsgiapp.py", line 65, in load
    return self.load_wsgiapp()
  File "/home/alex/prusenok/prusenokenv/lib/python3.5/site-packages/gunicorn/app/wsgiapp.py", line 52, in load_wsgiapp
    return util.import_app(self.app_uri)
  File "/home/alex/prusenok/prusenokenv/lib/python3.5/site-packages/gunicorn/util.py", line 352, in import_app
    __import__(module)
  File "/home/alex/prusenok/prusenok/wsgi.py", line 16, in <module>
    application = get_wsgi_application()
  File "/home/alex/prusenok/prusenokenv/lib/python3.5/site-packages/django/core/wsgi.py", line 12, in get_wsgi_application
    django.setup(set_prefix=False)
  File "/home/alex/prusenok/prusenokenv/lib/python3.5/site-packages/django/__init__.py", line 24, in setup
    apps.populate(settings.INSTALLED_APPS)
  File "/home/alex/prusenok/prusenokenv/lib/python3.5/site-packages/django/apps/registry.py", line 112, in populate
    app_config.import_models()
  File "/home/alex/prusenok/prusenokenv/lib/python3.5/site-packages/django/apps/config.py", line 198, in import_models
    self.models_module = import_module(models_module_name)
  File "/home/alex/prusenok/prusenokenv/lib/python3.5/importlib/__init__.py", line 126, in import_module
    return _bootstrap._gcd_import(name[level:], package, level)
  File "/home/alex/prusenok/blog/models.py", line 5, in <module>
    class Post(models.Model):
  File "/home/alex/prusenok/blog/models.py", line 6, in Post
    author = models.ForeignKey('auth.User')
TypeError: __init__() missing 1 required positional argument: 'on_delete'
[2018-02-05 10:06:46 +0300] [16582] [INFO] Worker exiting (pid: 16582)
[2018-02-05 10:06:47 +0300] [16584] [ERROR] Exception in worker process
Traceback (most recent call last):
  File "/home/alex/prusenok/prusenokenv/lib/python3.5/site-packages/gunicorn/arbiter.py", line 578, in spawn_worker
    worker.init_process()
  File "/home/alex/prusenok/prusenokenv/lib/python3.5/site-packages/gunicorn/workers/base.py", line 126, in init_process
    self.load_wsgi()
  File "/home/alex/prusenok/prusenokenv/lib/python3.5/site-packages/gunicorn/workers/base.py", line 135, in load_wsgi
    self.wsgi = self.app.wsgi()
  File "/home/alex/prusenok/prusenokenv/lib/python3.5/site-packages/gunicorn/app/base.py", line 67, in wsgi
    self.callable = self.load()
  File "/home/alex/prusenok/prusenokenv/lib/python3.5/site-packages/gunicorn/app/wsgiapp.py", line 65, in load
    return self.load_wsgiapp()
  File "/home/alex/prusenok/prusenokenv/lib/python3.5/site-packages/gunicorn/app/wsgiapp.py", line 52, in load_wsgiapp
    return util.import_app(self.app_uri)
  File "/home/alex/prusenok/prusenokenv/lib/python3.5/site-packages/gunicorn/util.py", line 352, in import_app
    __import__(module)
  File "/home/alex/prusenok/prusenok/wsgi.py", line 16, in <module>
    application = get_wsgi_application()
  File "/home/alex/prusenok/prusenokenv/lib/python3.5/site-packages/django/core/wsgi.py", line 12, in get_wsgi_application
    django.setup(set_prefix=False)
  File "/home/alex/prusenok/prusenokenv/lib/python3.5/site-packages/django/__init__.py", line 24, in setup
    apps.populate(settings.INSTALLED_APPS)
  File "/home/alex/prusenok/prusenokenv/lib/python3.5/site-packages/django/apps/registry.py", line 112, in populate
    app_config.import_models()
  File "/home/alex/prusenok/prusenokenv/lib/python3.5/site-packages/django/apps/config.py", line 198, in import_models
    self.models_module = import_module(models_module_name)
  File "/home/alex/prusenok/prusenokenv/lib/python3.5/importlib/__init__.py", line 126, in import_module
    return _bootstrap._gcd_import(name[level:], package, level)
  File "/home/alex/prusenok/blog/models.py", line 5, in <module>
    class Post(models.Model):
  File "/home/alex/prusenok/blog/models.py", line 6, in Post
    author = models.ForeignKey('auth.User')
TypeError: __init__() missing 1 required positional argument: 'on_delete'
[2018-02-05 10:06:47 +0300] [16584] [INFO] Worker exiting (pid: 16584)
[2018-02-05 10:06:47 +0300] [16576] [INFO] Shutting down: Master
[2018-02-05 10:06:47 +0300] [16576] [INFO] Reason: Worker failed to boot.
[2018-02-05 10:13:12 +0300] [16638] [INFO] Starting gunicorn 19.7.1
[2018-02-05 10:13:12 +0300] [16638] [INFO] Listening at: unix:/home/alex/prusenok/prusenok.sock (16638)
[2018-02-05 10:13:12 +0300] [16638] [INFO] Using worker: sync
[2018-02-05 10:13:12 +0300] [16644] [INFO] Booting worker with pid: 16644
[2018-02-05 10:13:12 +0300] [16646] [INFO] Booting worker with pid: 16646
[2018-02-05 10:13:13 +0300] [16644] [ERROR] Exception in worker process
Traceback (most recent call last):
  File "/home/alex/prusenok/prusenokenv/lib/python3.5/site-packages/gunicorn/arbiter.py", line 578, in spawn_worker
    worker.init_process()
  File "/home/alex/prusenok/prusenokenv/lib/python3.5/site-packages/gunicorn/workers/base.py", line 126, in init_process
    self.load_wsgi()
  File "/home/alex/prusenok/prusenokenv/lib/python3.5/site-packages/gunicorn/workers/base.py", line 135, in load_wsgi
    self.wsgi = self.app.wsgi()
  File "/home/alex/prusenok/prusenokenv/lib/python3.5/site-packages/gunicorn/app/base.py", line 67, in wsgi
    self.callable = self.load()
  File "/home/alex/prusenok/prusenokenv/lib/python3.5/site-packages/gunicorn/app/wsgiapp.py", line 65, in load
    return self.load_wsgiapp()
  File "/home/alex/prusenok/prusenokenv/lib/python3.5/site-packages/gunicorn/app/wsgiapp.py", line 52, in load_wsgiapp
    return util.import_app(self.app_uri)
  File "/home/alex/prusenok/prusenokenv/lib/python3.5/site-packages/gunicorn/util.py", line 352, in import_app
    __import__(module)
  File "/home/alex/prusenok/prusenok/wsgi.py", line 16, in <module>
    application = get_wsgi_application()
  File "/home/alex/prusenok/prusenokenv/lib/python3.5/site-packages/django/core/wsgi.py", line 12, in get_wsgi_application
    django.setup(set_prefix=False)
  File "/home/alex/prusenok/prusenokenv/lib/python3.5/site-packages/django/__init__.py", line 24, in setup
    apps.populate(settings.INSTALLED_APPS)
  File "/home/alex/prusenok/prusenokenv/lib/python3.5/site-packages/django/apps/registry.py", line 112, in populate
    app_config.import_models()
  File "/home/alex/prusenok/prusenokenv/lib/python3.5/site-packages/django/apps/config.py", line 198, in import_models
    self.models_module = import_module(models_module_name)
  File "/home/alex/prusenok/prusenokenv/lib/python3.5/importlib/__init__.py", line 126, in import_module
    return _bootstrap._gcd_import(name[level:], package, level)
  File "/home/alex/prusenok/blog/models.py", line 5, in <module>
    class Post(models.Model):
  File "/home/alex/prusenok/blog/models.py", line 6, in Post
    author = models.ForeignKey('auth.User')
TypeError: __init__() missing 1 required positional argument: 'on_delete'
[2018-02-05 10:13:13 +0300] [16644] [INFO] Worker exiting (pid: 16644)
[2018-02-05 10:13:13 +0300] [16646] [ERROR] Exception in worker process
Traceback (most recent call last):
  File "/home/alex/prusenok/prusenokenv/lib/python3.5/site-packages/gunicorn/arbiter.py", line 578, in spawn_worker
    worker.init_process()
  File "/home/alex/prusenok/prusenokenv/lib/python3.5/site-packages/gunicorn/workers/base.py", line 126, in init_process
    self.load_wsgi()
  File "/home/alex/prusenok/prusenokenv/lib/python3.5/site-packages/gunicorn/workers/base.py", line 135, in load_wsgi
    self.wsgi = self.app.wsgi()
  File "/home/alex/prusenok/prusenokenv/lib/python3.5/site-packages/gunicorn/app/base.py", line 67, in wsgi
    self.callable = self.load()
  File "/home/alex/prusenok/prusenokenv/lib/python3.5/site-packages/gunicorn/app/wsgiapp.py", line 65, in load
    return self.load_wsgiapp()
  File "/home/alex/prusenok/prusenokenv/lib/python3.5/site-packages/gunicorn/app/wsgiapp.py", line 52, in load_wsgiapp
    return util.import_app(self.app_uri)
  File "/home/alex/prusenok/prusenokenv/lib/python3.5/site-packages/gunicorn/util.py", line 352, in import_app
    __import__(module)
  File "/home/alex/prusenok/prusenok/wsgi.py", line 16, in <module>
    application = get_wsgi_application()
  File "/home/alex/prusenok/prusenokenv/lib/python3.5/site-packages/django/core/wsgi.py", line 12, in get_wsgi_application
    django.setup(set_prefix=False)
  File "/home/alex/prusenok/prusenokenv/lib/python3.5/site-packages/django/__init__.py", line 24, in setup
    apps.populate(settings.INSTALLED_APPS)
  File "/home/alex/prusenok/prusenokenv/lib/python3.5/site-packages/django/apps/registry.py", line 112, in populate
    app_config.import_models()
  File "/home/alex/prusenok/prusenokenv/lib/python3.5/site-packages/django/apps/config.py", line 198, in import_models
    self.models_module = import_module(models_module_name)
  File "/home/alex/prusenok/prusenokenv/lib/python3.5/importlib/__init__.py", line 126, in import_module
    return _bootstrap._gcd_import(name[level:], package, level)
  File "/home/alex/prusenok/blog/models.py", line 5, in <module>
    class Post(models.Model):
  File "/home/alex/prusenok/blog/models.py", line 6, in Post
    author = models.ForeignKey('auth.User')
TypeError: __init__() missing 1 required positional argument: 'on_delete'
[2018-02-05 10:13:13 +0300] [16646] [INFO] Worker exiting (pid: 16646)
[2018-02-05 10:13:13 +0300] [16638] [INFO] Shutting down: Master
[2018-02-05 10:13:13 +0300] [16638] [INFO] Reason: Worker failed to boot.
[2018-02-05 11:26:21 +0300] [16897] [INFO] Starting gunicorn 19.7.1
[2018-02-05 11:26:21 +0300] [16897] [INFO] Listening at: unix:/home/alex/prusenok/prusenok.sock (16897)
[2018-02-05 11:26:21 +0300] [16897] [INFO] Using worker: sync
[2018-02-05 11:26:21 +0300] [16903] [INFO] Booting worker with pid: 16903
[2018-02-05 11:26:22 +0300] [16904] [INFO] Booting worker with pid: 16904
[2018-02-05 11:26:22 +0300] [16903] [ERROR] Exception in worker process
Traceback (most recent call last):
  File "/home/alex/prusenok/prusenokenv/lib/python3.5/site-packages/gunicorn/arbiter.py", line 578, in spawn_worker
    worker.init_process()
  File "/home/alex/prusenok/prusenokenv/lib/python3.5/site-packages/gunicorn/workers/base.py", line 126, in init_process
    self.load_wsgi()
  File "/home/alex/prusenok/prusenokenv/lib/python3.5/site-packages/gunicorn/workers/base.py", line 135, in load_wsgi
    self.wsgi = self.app.wsgi()
  File "/home/alex/prusenok/prusenokenv/lib/python3.5/site-packages/gunicorn/app/base.py", line 67, in wsgi
    self.callable = self.load()
  File "/home/alex/prusenok/prusenokenv/lib/python3.5/site-packages/gunicorn/app/wsgiapp.py", line 65, in load
    return self.load_wsgiapp()
  File "/home/alex/prusenok/prusenokenv/lib/python3.5/site-packages/gunicorn/app/wsgiapp.py", line 52, in load_wsgiapp
    return util.import_app(self.app_uri)
  File "/home/alex/prusenok/prusenokenv/lib/python3.5/site-packages/gunicorn/util.py", line 352, in import_app
    __import__(module)
  File "/home/alex/prusenok/prusenok/wsgi.py", line 16, in <module>
    application = get_wsgi_application()
  File "/home/alex/prusenok/prusenokenv/lib/python3.5/site-packages/django/core/wsgi.py", line 12, in get_wsgi_application
    django.setup(set_prefix=False)
  File "/home/alex/prusenok/prusenokenv/lib/python3.5/site-packages/django/__init__.py", line 24, in setup
    apps.populate(settings.INSTALLED_APPS)
  File "/home/alex/prusenok/prusenokenv/lib/python3.5/site-packages/django/apps/registry.py", line 112, in populate
    app_config.import_models()
  File "/home/alex/prusenok/prusenokenv/lib/python3.5/site-packages/django/apps/config.py", line 198, in import_models
    self.models_module = import_module(models_module_name)
  File "/home/alex/prusenok/prusenokenv/lib/python3.5/importlib/__init__.py", line 126, in import_module
    return _bootstrap._gcd_import(name[level:], package, level)
  File "/home/alex/prusenok/blog/models.py", line 4, in <module>
    class Post(models.Model):
  File "/home/alex/prusenok/blog/models.py", line 5, in Post
    author = models.ForeignKey('auth.User')
TypeError: __init__() missing 1 required positional argument: 'on_delete'
[2018-02-05 11:26:22 +0300] [16903] [INFO] Worker exiting (pid: 16903)
[2018-02-05 11:26:22 +0300] [16904] [ERROR] Exception in worker process
Traceback (most recent call last):
  File "/home/alex/prusenok/prusenokenv/lib/python3.5/site-packages/gunicorn/arbiter.py", line 578, in spawn_worker
    worker.init_process()
  File "/home/alex/prusenok/prusenokenv/lib/python3.5/site-packages/gunicorn/workers/base.py", line 126, in init_process
    self.load_wsgi()
  File "/home/alex/prusenok/prusenokenv/lib/python3.5/site-packages/gunicorn/workers/base.py", line 135, in load_wsgi
    self.wsgi = self.app.wsgi()
  File "/home/alex/prusenok/prusenokenv/lib/python3.5/site-packages/gunicorn/app/base.py", line 67, in wsgi
    self.callable = self.load()
  File "/home/alex/prusenok/prusenokenv/lib/python3.5/site-packages/gunicorn/app/wsgiapp.py", line 65, in load
    return self.load_wsgiapp()
  File "/home/alex/prusenok/prusenokenv/lib/python3.5/site-packages/gunicorn/app/wsgiapp.py", line 52, in load_wsgiapp
    return util.import_app(self.app_uri)
  File "/home/alex/prusenok/prusenokenv/lib/python3.5/site-packages/gunicorn/util.py", line 352, in import_app
    __import__(module)
  File "/home/alex/prusenok/prusenok/wsgi.py", line 16, in <module>
    application = get_wsgi_application()
  File "/home/alex/prusenok/prusenokenv/lib/python3.5/site-packages/django/core/wsgi.py", line 12, in get_wsgi_application
    django.setup(set_prefix=False)
  File "/home/alex/prusenok/prusenokenv/lib/python3.5/site-packages/django/__init__.py", line 24, in setup
    apps.populate(settings.INSTALLED_APPS)
  File "/home/alex/prusenok/prusenokenv/lib/python3.5/site-packages/django/apps/registry.py", line 112, in populate
    app_config.import_models()
  File "/home/alex/prusenok/prusenokenv/lib/python3.5/site-packages/django/apps/config.py", line 198, in import_models
    self.models_module = import_module(models_module_name)
  File "/home/alex/prusenok/prusenokenv/lib/python3.5/importlib/__init__.py", line 126, in import_module
    return _bootstrap._gcd_import(name[level:], package, level)
  File "/home/alex/prusenok/blog/models.py", line 4, in <module>
    class Post(models.Model):
  File "/home/alex/prusenok/blog/models.py", line 5, in Post
    author = models.ForeignKey('auth.User')
TypeError: __init__() missing 1 required positional argument: 'on_delete'
[2018-02-05 11:26:22 +0300] [16904] [INFO] Worker exiting (pid: 16904)
[2018-02-05 11:26:22 +0300] [16897] [INFO] Shutting down: Master
[2018-02-05 11:26:22 +0300] [16897] [INFO] Reason: Worker failed to boot.
[2018-02-05 11:28:40 +0300] [16994] [INFO] Starting gunicorn 19.7.1
[2018-02-05 11:28:40 +0300] [16994] [INFO] Listening at: unix:/home/alex/prusenok/prusenok.sock (16994)
[2018-02-05 11:28:40 +0300] [16994] [INFO] Using worker: sync
[2018-02-05 11:28:40 +0300] [16999] [INFO] Booting worker with pid: 16999
[2018-02-05 11:28:40 +0300] [17000] [INFO] Booting worker with pid: 17000
[2018-02-05 11:28:41 +0300] [16999] [ERROR] Exception in worker process
Traceback (most recent call last):
  File "/home/alex/prusenok/prusenokenv/lib/python3.5/site-packages/gunicorn/arbiter.py", line 578, in spawn_worker
    worker.init_process()
  File "/home/alex/prusenok/prusenokenv/lib/python3.5/site-packages/gunicorn/workers/base.py", line 126, in init_process
    self.load_wsgi()
  File "/home/alex/prusenok/prusenokenv/lib/python3.5/site-packages/gunicorn/workers/base.py", line 135, in load_wsgi
    self.wsgi = self.app.wsgi()
  File "/home/alex/prusenok/prusenokenv/lib/python3.5/site-packages/gunicorn/app/base.py", line 67, in wsgi
    self.callable = self.load()
  File "/home/alex/prusenok/prusenokenv/lib/python3.5/site-packages/gunicorn/app/wsgiapp.py", line 65, in load
    return self.load_wsgiapp()
  File "/home/alex/prusenok/prusenokenv/lib/python3.5/site-packages/gunicorn/app/wsgiapp.py", line 52, in load_wsgiapp
    return util.import_app(self.app_uri)
  File "/home/alex/prusenok/prusenokenv/lib/python3.5/site-packages/gunicorn/util.py", line 352, in import_app
    __import__(module)
  File "/home/alex/prusenok/prusenok/wsgi.py", line 16, in <module>
    application = get_wsgi_application()
  File "/home/alex/prusenok/prusenokenv/lib/python3.5/site-packages/django/core/wsgi.py", line 12, in get_wsgi_application
    django.setup(set_prefix=False)
  File "/home/alex/prusenok/prusenokenv/lib/python3.5/site-packages/django/__init__.py", line 24, in setup
    apps.populate(settings.INSTALLED_APPS)
  File "/home/alex/prusenok/prusenokenv/lib/python3.5/site-packages/django/apps/registry.py", line 112, in populate
    app_config.import_models()
  File "/home/alex/prusenok/prusenokenv/lib/python3.5/site-packages/django/apps/config.py", line 198, in import_models
    self.models_module = import_module(models_module_name)
  File "/home/alex/prusenok/prusenokenv/lib/python3.5/importlib/__init__.py", line 126, in import_module
    return _bootstrap._gcd_import(name[level:], package, level)
  File "/home/alex/prusenok/blog/models.py", line 5, in <module>
    class Post(models.Model):
  File "/home/alex/prusenok/blog/models.py", line 6, in Post
    author = models.ForeignKey('auth.User')
TypeError: __init__() missing 1 required positional argument: 'on_delete'
[2018-02-05 11:28:41 +0300] [16999] [INFO] Worker exiting (pid: 16999)
[2018-02-05 11:28:41 +0300] [17000] [ERROR] Exception in worker process
Traceback (most recent call last):
  File "/home/alex/prusenok/prusenokenv/lib/python3.5/site-packages/gunicorn/arbiter.py", line 578, in spawn_worker
    worker.init_process()
  File "/home/alex/prusenok/prusenokenv/lib/python3.5/site-packages/gunicorn/workers/base.py", line 126, in init_process
    self.load_wsgi()
  File "/home/alex/prusenok/prusenokenv/lib/python3.5/site-packages/gunicorn/workers/base.py", line 135, in load_wsgi
    self.wsgi = self.app.wsgi()
  File "/home/alex/prusenok/prusenokenv/lib/python3.5/site-packages/gunicorn/app/base.py", line 67, in wsgi
    self.callable = self.load()
  File "/home/alex/prusenok/prusenokenv/lib/python3.5/site-packages/gunicorn/app/wsgiapp.py", line 65, in load
    return self.load_wsgiapp()
  File "/home/alex/prusenok/prusenokenv/lib/python3.5/site-packages/gunicorn/app/wsgiapp.py", line 52, in load_wsgiapp
    return util.import_app(self.app_uri)
  File "/home/alex/prusenok/prusenokenv/lib/python3.5/site-packages/gunicorn/util.py", line 352, in import_app
    __import__(module)
  File "/home/alex/prusenok/prusenok/wsgi.py", line 16, in <module>
    application = get_wsgi_application()
  File "/home/alex/prusenok/prusenokenv/lib/python3.5/site-packages/django/core/wsgi.py", line 12, in get_wsgi_application
    django.setup(set_prefix=False)
  File "/home/alex/prusenok/prusenokenv/lib/python3.5/site-packages/django/__init__.py", line 24, in setup
    apps.populate(settings.INSTALLED_APPS)
  File "/home/alex/prusenok/prusenokenv/lib/python3.5/site-packages/django/apps/registry.py", line 112, in populate
    app_config.import_models()
  File "/home/alex/prusenok/prusenokenv/lib/python3.5/site-packages/django/apps/config.py", line 198, in import_models
    self.models_module = import_module(models_module_name)
  File "/home/alex/prusenok/prusenokenv/lib/python3.5/importlib/__init__.py", line 126, in import_module
    return _bootstrap._gcd_import(name[level:], package, level)
  File "/home/alex/prusenok/blog/models.py", line 5, in <module>
    class Post(models.Model):
  File "/home/alex/prusenok/blog/models.py", line 6, in Post
    author = models.ForeignKey('auth.User')
TypeError: __init__() missing 1 required positional argument: 'on_delete'
[2018-02-05 11:28:41 +0300] [17000] [INFO] Worker exiting (pid: 17000)
[2018-02-05 11:28:41 +0300] [16994] [INFO] Shutting down: Master
[2018-02-05 11:28:41 +0300] [16994] [INFO] Reason: Worker failed to boot.
[2018-02-05 11:29:31 +0300] [17018] [INFO] Starting gunicorn 19.7.1
[2018-02-05 11:29:31 +0300] [17018] [INFO] Listening at: unix:/home/alex/prusenok/prusenok.sock (17018)
[2018-02-05 11:29:31 +0300] [17018] [INFO] Using worker: sync
[2018-02-05 11:29:31 +0300] [17023] [INFO] Booting worker with pid: 17023
[2018-02-05 11:29:31 +0300] [17024] [INFO] Booting worker with pid: 17024
[2018-02-05 11:29:31 +0300] [17023] [ERROR] Exception in worker process
Traceback (most recent call last):
  File "/home/alex/prusenok/prusenokenv/lib/python3.5/site-packages/gunicorn/arbiter.py", line 578, in spawn_worker
    worker.init_process()
  File "/home/alex/prusenok/prusenokenv/lib/python3.5/site-packages/gunicorn/workers/base.py", line 126, in init_process
    self.load_wsgi()
  File "/home/alex/prusenok/prusenokenv/lib/python3.5/site-packages/gunicorn/workers/base.py", line 135, in load_wsgi
    self.wsgi = self.app.wsgi()
  File "/home/alex/prusenok/prusenokenv/lib/python3.5/site-packages/gunicorn/app/base.py", line 67, in wsgi
    self.callable = self.load()
  File "/home/alex/prusenok/prusenokenv/lib/python3.5/site-packages/gunicorn/app/wsgiapp.py", line 65, in load
    return self.load_wsgiapp()
  File "/home/alex/prusenok/prusenokenv/lib/python3.5/site-packages/gunicorn/app/wsgiapp.py", line 52, in load_wsgiapp
    return util.import_app(self.app_uri)
  File "/home/alex/prusenok/prusenokenv/lib/python3.5/site-packages/gunicorn/util.py", line 352, in import_app
    __import__(module)
  File "/home/alex/prusenok/prusenok/wsgi.py", line 16, in <module>
    application = get_wsgi_application()
  File "/home/alex/prusenok/prusenokenv/lib/python3.5/site-packages/django/core/wsgi.py", line 12, in get_wsgi_application
    django.setup(set_prefix=False)
  File "/home/alex/prusenok/prusenokenv/lib/python3.5/site-packages/django/__init__.py", line 24, in setup
    apps.populate(settings.INSTALLED_APPS)
  File "/home/alex/prusenok/prusenokenv/lib/python3.5/site-packages/django/apps/registry.py", line 112, in populate
    app_config.import_models()
  File "/home/alex/prusenok/prusenokenv/lib/python3.5/site-packages/django/apps/config.py", line 198, in import_models
    self.models_module = import_module(models_module_name)
  File "/home/alex/prusenok/prusenokenv/lib/python3.5/importlib/__init__.py", line 126, in import_module
    return _bootstrap._gcd_import(name[level:], package, level)
  File "/home/alex/prusenok/blog/models.py", line 5, in <module>
    class Post(models.Model):
  File "/home/alex/prusenok/blog/models.py", line 6, in Post
    author = models.ForeignKey('auth.User')
TypeError: __init__() missing 1 required positional argument: 'on_delete'
[2018-02-05 11:29:31 +0300] [17023] [INFO] Worker exiting (pid: 17023)
[2018-02-05 11:29:31 +0300] [17024] [ERROR] Exception in worker process
Traceback (most recent call last):
  File "/home/alex/prusenok/prusenokenv/lib/python3.5/site-packages/gunicorn/arbiter.py", line 578, in spawn_worker
    worker.init_process()
  File "/home/alex/prusenok/prusenokenv/lib/python3.5/site-packages/gunicorn/workers/base.py", line 126, in init_process
    self.load_wsgi()
  File "/home/alex/prusenok/prusenokenv/lib/python3.5/site-packages/gunicorn/workers/base.py", line 135, in load_wsgi
    self.wsgi = self.app.wsgi()
  File "/home/alex/prusenok/prusenokenv/lib/python3.5/site-packages/gunicorn/app/base.py", line 67, in wsgi
    self.callable = self.load()
  File "/home/alex/prusenok/prusenokenv/lib/python3.5/site-packages/gunicorn/app/wsgiapp.py", line 65, in load
    return self.load_wsgiapp()
  File "/home/alex/prusenok/prusenokenv/lib/python3.5/site-packages/gunicorn/app/wsgiapp.py", line 52, in load_wsgiapp
    return util.import_app(self.app_uri)
  File "/home/alex/prusenok/prusenokenv/lib/python3.5/site-packages/gunicorn/util.py", line 352, in import_app
    __import__(module)
  File "/home/alex/prusenok/prusenok/wsgi.py", line 16, in <module>
    application = get_wsgi_application()
  File "/home/alex/prusenok/prusenokenv/lib/python3.5/site-packages/django/core/wsgi.py", line 12, in get_wsgi_application
    django.setup(set_prefix=False)
  File "/home/alex/prusenok/prusenokenv/lib/python3.5/site-packages/django/__init__.py", line 24, in setup
    apps.populate(settings.INSTALLED_APPS)
  File "/home/alex/prusenok/prusenokenv/lib/python3.5/site-packages/django/apps/registry.py", line 112, in populate
    app_config.import_models()
  File "/home/alex/prusenok/prusenokenv/lib/python3.5/site-packages/django/apps/config.py", line 198, in import_models
    self.models_module = import_module(models_module_name)
  File "/home/alex/prusenok/prusenokenv/lib/python3.5/importlib/__init__.py", line 126, in import_module
    return _bootstrap._gcd_import(name[level:], package, level)
  File "/home/alex/prusenok/blog/models.py", line 5, in <module>
    class Post(models.Model):
  File "/home/alex/prusenok/blog/models.py", line 6, in Post
    author = models.ForeignKey('auth.User')
TypeError: __init__() missing 1 required positional argument: 'on_delete'
[2018-02-05 11:29:31 +0300] [17024] [INFO] Worker exiting (pid: 17024)
[2018-02-05 11:29:31 +0300] [17018] [INFO] Shutting down: Master
[2018-02-05 11:29:31 +0300] [17018] [INFO] Reason: Worker failed to boot.
[2018-02-05 11:34:21 +0300] [17117] [INFO] Starting gunicorn 19.7.1
[2018-02-05 11:34:21 +0300] [17117] [INFO] Listening at: unix:/home/alex/prusenok/prusenok.sock (17117)
[2018-02-05 11:34:21 +0300] [17117] [INFO] Using worker: sync
[2018-02-05 11:34:21 +0300] [17123] [INFO] Booting worker with pid: 17123
[2018-02-05 11:34:21 +0300] [17125] [INFO] Booting worker with pid: 17125
[2018-02-05 11:36:24 +0300] [17117] [INFO] Handling signal: term
[2018-02-05 11:36:24 +0300] [17123] [INFO] Worker exiting (pid: 17123)
[2018-02-05 11:36:24 +0300] [17125] [INFO] Worker exiting (pid: 17125)
[2018-02-05 11:36:24 +0300] [17117] [INFO] Shutting down: Master
[2018-02-05 11:36:24 +0300] [17175] [INFO] Starting gunicorn 19.7.1
[2018-02-05 11:36:24 +0300] [17175] [INFO] Listening at: unix:/home/alex/prusenok/prusenok.sock (17175)
[2018-02-05 11:36:24 +0300] [17175] [INFO] Using worker: sync
[2018-02-05 11:36:24 +0300] [17181] [INFO] Booting worker with pid: 17181
[2018-02-05 11:36:24 +0300] [17182] [INFO] Booting worker with pid: 17182
[2018-02-05 11:57:55 +0300] [17175] [INFO] Handling signal: term
[2018-02-05 11:57:55 +0300] [17181] [INFO] Worker exiting (pid: 17181)
[2018-02-05 11:57:55 +0300] [17182] [INFO] Worker exiting (pid: 17182)
[2018-02-05 11:57:55 +0300] [17175] [INFO] Shutting down: Master
[2018-02-05 11:57:55 +0300] [17328] [INFO] Starting gunicorn 19.7.1
[2018-02-05 11:57:55 +0300] [17328] [INFO] Listening at: unix:/home/alex/prusenok/prusenok.sock (17328)
[2018-02-05 11:57:55 +0300] [17328] [INFO] Using worker: sync
[2018-02-05 11:57:55 +0300] [17334] [INFO] Booting worker with pid: 17334
[2018-02-05 11:57:55 +0300] [17336] [INFO] Booting worker with pid: 17336
[2018-02-05 12:01:22 +0300] [17328] [INFO] Handling signal: term
[2018-02-05 12:01:22 +0300] [17336] [INFO] Worker exiting (pid: 17336)
[2018-02-05 12:01:22 +0300] [17334] [INFO] Worker exiting (pid: 17334)
[2018-02-05 12:01:22 +0300] [17328] [INFO] Shutting down: Master
[2018-02-05 12:01:22 +0300] [17385] [INFO] Starting gunicorn 19.7.1
[2018-02-05 12:01:22 +0300] [17385] [INFO] Listening at: unix:/home/alex/prusenok/prusenok.sock (17385)
[2018-02-05 12:01:22 +0300] [17385] [INFO] Using worker: sync
[2018-02-05 12:01:22 +0300] [17392] [INFO] Booting worker with pid: 17392
[2018-02-05 12:01:22 +0300] [17394] [INFO] Booting worker with pid: 17394
[2018-02-05 12:03:27 +0300] [17385] [INFO] Handling signal: term
[2018-02-05 12:03:27 +0300] [17392] [INFO] Worker exiting (pid: 17392)
[2018-02-05 12:03:27 +0300] [17394] [INFO] Worker exiting (pid: 17394)
[2018-02-05 12:03:27 +0300] [17385] [INFO] Shutting down: Master
[2018-02-05 12:03:27 +0300] [17459] [INFO] Starting gunicorn 19.7.1
[2018-02-05 12:03:27 +0300] [17459] [INFO] Listening at: unix:/home/alex/prusenok/prusenok.sock (17459)
[2018-02-05 12:03:27 +0300] [17459] [INFO] Using worker: sync
[2018-02-05 12:03:27 +0300] [17464] [INFO] Booting worker with pid: 17464
[2018-02-05 12:03:27 +0300] [17466] [INFO] Booting worker with pid: 17466
[2018-02-05 12:09:18 +0300] [17459] [INFO] Handling signal: term
[2018-02-05 12:09:18 +0300] [17464] [INFO] Worker exiting (pid: 17464)
[2018-02-05 12:09:18 +0300] [17466] [INFO] Worker exiting (pid: 17466)
[2018-02-05 12:09:18 +0300] [17459] [INFO] Shutting down: Master
[2018-02-05 12:09:18 +0300] [17563] [INFO] Starting gunicorn 19.7.1
[2018-02-05 12:09:18 +0300] [17563] [INFO] Listening at: unix:/home/alex/prusenok/prusenok.sock (17563)
[2018-02-05 12:09:18 +0300] [17563] [INFO] Using worker: sync
[2018-02-05 12:09:18 +0300] [17569] [INFO] Booting worker with pid: 17569
[2018-02-05 12:09:18 +0300] [17570] [INFO] Booting worker with pid: 17570
[2018-02-05 12:13:55 +0300] [17563] [INFO] Handling signal: term
[2018-02-05 12:13:55 +0300] [17569] [INFO] Worker exiting (pid: 17569)
[2018-02-05 12:13:55 +0300] [17570] [INFO] Worker exiting (pid: 17570)
[2018-02-05 12:13:56 +0300] [17563] [INFO] Shutting down: Master
[2018-02-05 12:13:56 +0300] [17739] [INFO] Starting gunicorn 19.7.1
[2018-02-05 12:13:56 +0300] [17739] [INFO] Listening at: unix:/home/alex/prusenok/prusenok.sock (17739)
[2018-02-05 12:13:56 +0300] [17739] [INFO] Using worker: sync
[2018-02-05 12:13:56 +0300] [17746] [INFO] Booting worker with pid: 17746
[2018-02-05 12:13:56 +0300] [17747] [INFO] Booting worker with pid: 17747
[2018-02-05 12:17:41 +0300] [17739] [INFO] Handling signal: term
[2018-02-05 12:17:41 +0300] [17746] [INFO] Worker exiting (pid: 17746)
[2018-02-05 12:17:41 +0300] [17747] [INFO] Worker exiting (pid: 17747)
[2018-02-05 12:17:41 +0300] [17739] [INFO] Shutting down: Master
[2018-02-05 12:17:41 +0300] [17869] [INFO] Starting gunicorn 19.7.1
[2018-02-05 12:17:41 +0300] [17869] [INFO] Listening at: unix:/home/alex/prusenok/prusenok.sock (17869)
[2018-02-05 12:17:41 +0300] [17869] [INFO] Using worker: sync
[2018-02-05 12:17:41 +0300] [17875] [INFO] Booting worker with pid: 17875
[2018-02-05 12:17:41 +0300] [17877] [INFO] Booting worker with pid: 17877
[2018-02-05 14:01:16 +0300] [17869] [INFO] Handling signal: term
[2018-02-05 14:01:16 +0300] [17875] [INFO] Worker exiting (pid: 17875)
[2018-02-05 14:01:16 +0300] [17877] [INFO] Worker exiting (pid: 17877)
[2018-02-05 14:01:16 +0300] [17869] [INFO] Shutting down: Master
[2018-02-05 14:01:16 +0300] [18309] [INFO] Starting gunicorn 19.7.1
[2018-02-05 14:01:16 +0300] [18309] [INFO] Listening at: unix:/home/alex/prusenok/prusenok.sock (18309)
[2018-02-05 14:01:16 +0300] [18309] [INFO] Using worker: sync
[2018-02-05 14:01:16 +0300] [18314] [INFO] Booting worker with pid: 18314
[2018-02-05 14:01:16 +0300] [18315] [INFO] Booting worker with pid: 18315
[2018-02-05 14:02:36 +0300] [18309] [INFO] Handling signal: term
[2018-02-05 14:02:36 +0300] [18314] [INFO] Worker exiting (pid: 18314)
[2018-02-05 14:02:36 +0300] [18315] [INFO] Worker exiting (pid: 18315)
[2018-02-05 14:02:36 +0300] [18309] [INFO] Shutting down: Master
[2018-02-05 14:02:36 +0300] [18350] [INFO] Starting gunicorn 19.7.1
[2018-02-05 14:02:36 +0300] [18350] [INFO] Listening at: unix:/home/alex/prusenok/prusenok.sock (18350)
[2018-02-05 14:02:36 +0300] [18350] [INFO] Using worker: sync
[2018-02-05 14:02:36 +0300] [18356] [INFO] Booting worker with pid: 18356
[2018-02-05 14:02:36 +0300] [18358] [INFO] Booting worker with pid: 18358
[2018-02-05 14:10:12 +0300] [18350] [INFO] Handling signal: term
[2018-02-05 14:10:12 +0300] [18356] [INFO] Worker exiting (pid: 18356)
[2018-02-05 14:10:12 +0300] [18358] [INFO] Worker exiting (pid: 18358)
[2018-02-05 14:10:13 +0300] [18350] [INFO] Shutting down: Master
[2018-02-05 14:10:13 +0300] [18432] [INFO] Starting gunicorn 19.7.1
[2018-02-05 14:10:13 +0300] [18432] [INFO] Listening at: unix:/home/alex/prusenok/prusenok.sock (18432)
[2018-02-05 14:10:13 +0300] [18432] [INFO] Using worker: sync
[2018-02-05 14:10:13 +0300] [18437] [INFO] Booting worker with pid: 18437
[2018-02-05 14:10:13 +0300] [18439] [INFO] Booting worker with pid: 18439
[2018-02-05 14:27:17 +0300] [18432] [INFO] Handling signal: term
[2018-02-05 14:27:17 +0300] [18437] [INFO] Worker exiting (pid: 18437)
[2018-02-05 14:27:17 +0300] [18439] [INFO] Worker exiting (pid: 18439)
[2018-02-05 14:27:17 +0300] [18432] [INFO] Shutting down: Master
[2018-02-05 14:27:18 +0300] [18566] [INFO] Starting gunicorn 19.7.1
[2018-02-05 14:27:18 +0300] [18566] [INFO] Listening at: unix:/home/alex/prusenok/prusenok.sock (18566)
[2018-02-05 14:27:18 +0300] [18566] [INFO] Using worker: sync
[2018-02-05 14:27:18 +0300] [18572] [INFO] Booting worker with pid: 18572
[2018-02-05 14:27:18 +0300] [18573] [INFO] Booting worker with pid: 18573
[2018-02-06 12:24:29 +0300] [18566] [INFO] Handling signal: term
[2018-02-06 12:24:29 +0300] [18572] [INFO] Worker exiting (pid: 18572)
[2018-02-06 12:24:29 +0300] [18573] [INFO] Worker exiting (pid: 18573)
[2018-02-06 12:24:29 +0300] [18566] [INFO] Shutting down: Master
[2018-02-06 12:24:29 +0300] [2414] [INFO] Starting gunicorn 19.7.1
[2018-02-06 12:24:29 +0300] [2414] [INFO] Listening at: unix:/home/alex/prusenok/prusenok.sock (2414)
[2018-02-06 12:24:29 +0300] [2414] [INFO] Using worker: sync
[2018-02-06 12:24:29 +0300] [2420] [INFO] Booting worker with pid: 2420
[2018-02-06 12:24:29 +0300] [2421] [INFO] Booting worker with pid: 2421
[2018-02-06 12:26:39 +0300] [2414] [INFO] Handling signal: term
[2018-02-06 12:26:39 +0300] [2420] [INFO] Worker exiting (pid: 2420)
[2018-02-06 12:26:39 +0300] [2421] [INFO] Worker exiting (pid: 2421)
[2018-02-06 12:26:39 +0300] [2414] [INFO] Shutting down: Master
[2018-02-06 12:26:40 +0300] [2437] [INFO] Starting gunicorn 19.7.1
[2018-02-06 12:26:40 +0300] [2437] [INFO] Listening at: unix:/home/alex/prusenok/prusenok.sock (2437)
[2018-02-06 12:26:40 +0300] [2437] [INFO] Using worker: sync
[2018-02-06 12:26:40 +0300] [2444] [INFO] Booting worker with pid: 2444
[2018-02-06 12:26:40 +0300] [2445] [INFO] Booting worker with pid: 2445
[2018-02-06 12:31:09 +0300] [2444] [INFO] Worker exiting (pid: 2444)
[2018-02-06 12:31:09 +0300] [2445] [INFO] Worker exiting (pid: 2445)
[2018-02-06 12:31:09 +0300] [2437] [INFO] Handling signal: term
[2018-02-06 12:31:09 +0300] [2437] [INFO] Shutting down: Master
[2018-02-06 12:31:09 +0300] [2472] [INFO] Starting gunicorn 19.7.1
[2018-02-06 12:31:09 +0300] [2472] [INFO] Listening at: unix:/home/alex/prusenok/prusenok.sock (2472)
[2018-02-06 12:31:09 +0300] [2472] [INFO] Using worker: sync
[2018-02-06 12:31:09 +0300] [2477] [INFO] Booting worker with pid: 2477
[2018-02-06 12:31:09 +0300] [2478] [INFO] Booting worker with pid: 2478
[2018-02-06 12:32:10 +0300] [2472] [INFO] Handling signal: term
[2018-02-06 12:32:10 +0300] [2477] [INFO] Worker exiting (pid: 2477)
[2018-02-06 12:32:10 +0300] [2478] [INFO] Worker exiting (pid: 2478)
[2018-02-06 12:32:10 +0300] [2472] [INFO] Shutting down: Master
[2018-02-06 12:32:11 +0300] [2495] [INFO] Starting gunicorn 19.7.1
[2018-02-06 12:32:11 +0300] [2495] [INFO] Listening at: unix:/home/alex/prusenok/prusenok.sock (2495)
[2018-02-06 12:32:11 +0300] [2495] [INFO] Using worker: sync
[2018-02-06 12:32:11 +0300] [2502] [INFO] Booting worker with pid: 2502
[2018-02-06 12:32:11 +0300] [2503] [INFO] Booting worker with pid: 2503
[2018-02-06 12:33:57 +0300] [2495] [INFO] Handling signal: term
[2018-02-06 12:33:57 +0300] [2502] [INFO] Worker exiting (pid: 2502)
[2018-02-06 12:33:57 +0300] [2503] [INFO] Worker exiting (pid: 2503)
[2018-02-06 12:33:57 +0300] [2495] [INFO] Shutting down: Master
[2018-02-06 12:33:57 +0300] [2537] [INFO] Starting gunicorn 19.7.1
[2018-02-06 12:33:57 +0300] [2537] [INFO] Listening at: unix:/home/alex/prusenok/prusenok.sock (2537)
[2018-02-06 12:33:57 +0300] [2537] [INFO] Using worker: sync
[2018-02-06 12:33:57 +0300] [2543] [INFO] Booting worker with pid: 2543
[2018-02-06 12:33:57 +0300] [2545] [INFO] Booting worker with pid: 2545
[2018-02-06 12:35:36 +0300] [2537] [INFO] Handling signal: term
[2018-02-06 12:35:36 +0300] [2545] [INFO] Worker exiting (pid: 2545)
[2018-02-06 12:35:36 +0300] [2543] [INFO] Worker exiting (pid: 2543)
[2018-02-06 12:35:36 +0300] [2537] [INFO] Shutting down: Master
[2018-02-06 12:35:36 +0300] [2565] [INFO] Starting gunicorn 19.7.1
[2018-02-06 12:35:36 +0300] [2565] [INFO] Listening at: unix:/home/alex/prusenok/prusenok.sock (2565)
[2018-02-06 12:35:36 +0300] [2565] [INFO] Using worker: sync
[2018-02-06 12:35:36 +0300] [2570] [INFO] Booting worker with pid: 2570
[2018-02-06 12:35:37 +0300] [2571] [INFO] Booting worker with pid: 2571
[2018-02-06 13:03:54 +0300] [2570] [INFO] Worker exiting (pid: 2570)
[2018-02-06 13:03:54 +0300] [2571] [INFO] Worker exiting (pid: 2571)
[2018-02-06 13:03:55 +0300] [2565] [INFO] Handling signal: term
[2018-02-06 13:03:55 +0300] [2565] [INFO] Shutting down: Master
[2018-02-06 13:03:55 +0300] [3496] [INFO] Starting gunicorn 19.7.1
[2018-02-06 13:03:55 +0300] [3496] [INFO] Listening at: unix:/home/alex/prusenok/prusenok.sock (3496)
[2018-02-06 13:03:55 +0300] [3496] [INFO] Using worker: sync
[2018-02-06 13:03:55 +0300] [3502] [INFO] Booting worker with pid: 3502
[2018-02-06 13:03:55 +0300] [3503] [INFO] Booting worker with pid: 3503
[2018-02-06 13:07:58 +0300] [3503] [INFO] Worker exiting (pid: 3503)
[2018-02-06 13:07:58 +0300] [3502] [INFO] Worker exiting (pid: 3502)
[2018-02-06 13:07:58 +0300] [3496] [INFO] Handling signal: term
[2018-02-06 13:07:59 +0300] [3496] [INFO] Shutting down: Master
[2018-02-06 13:07:59 +0300] [3560] [INFO] Starting gunicorn 19.7.1
[2018-02-06 13:07:59 +0300] [3560] [INFO] Listening at: unix:/home/alex/prusenok/prusenok.sock (3560)
[2018-02-06 13:07:59 +0300] [3560] [INFO] Using worker: sync
[2018-02-06 13:07:59 +0300] [3566] [INFO] Booting worker with pid: 3566
[2018-02-06 13:07:59 +0300] [3567] [INFO] Booting worker with pid: 3567
[2018-02-06 13:11:59 +0300] [3566] [INFO] Worker exiting (pid: 3566)
[2018-02-06 13:11:59 +0300] [3567] [INFO] Worker exiting (pid: 3567)
[2018-02-06 13:11:59 +0300] [3560] [INFO] Handling signal: term
[2018-02-06 13:11:59 +0300] [3560] [INFO] Shutting down: Master
[2018-02-06 13:11:59 +0300] [3591] [INFO] Starting gunicorn 19.7.1
[2018-02-06 13:11:59 +0300] [3591] [INFO] Listening at: unix:/home/alex/prusenok/prusenok.sock (3591)
[2018-02-06 13:11:59 +0300] [3591] [INFO] Using worker: sync
[2018-02-06 13:11:59 +0300] [3598] [INFO] Booting worker with pid: 3598
[2018-02-06 13:11:59 +0300] [3600] [INFO] Booting worker with pid: 3600
[2018-02-06 13:14:29 +0300] [3598] [INFO] Worker exiting (pid: 3598)
[2018-02-06 13:14:29 +0300] [3600] [INFO] Worker exiting (pid: 3600)
[2018-02-06 13:14:29 +0300] [3591] [INFO] Handling signal: term
[2018-02-06 13:14:29 +0300] [3591] [INFO] Shutting down: Master
[2018-02-06 13:14:29 +0300] [3629] [INFO] Starting gunicorn 19.7.1
[2018-02-06 13:14:29 +0300] [3629] [INFO] Listening at: unix:/home/alex/prusenok/prusenok.sock (3629)
[2018-02-06 13:14:29 +0300] [3629] [INFO] Using worker: sync
[2018-02-06 13:14:29 +0300] [3634] [INFO] Booting worker with pid: 3634
[2018-02-06 13:14:29 +0300] [3636] [INFO] Booting worker with pid: 3636
[2018-02-06 13:16:14 +0300] [3629] [INFO] Handling signal: term
[2018-02-06 13:16:14 +0300] [3636] [INFO] Worker exiting (pid: 3636)
[2018-02-06 13:16:14 +0300] [3634] [INFO] Worker exiting (pid: 3634)
[2018-02-06 13:16:14 +0300] [3629] [INFO] Shutting down: Master
[2018-02-06 13:16:14 +0300] [3677] [INFO] Starting gunicorn 19.7.1
[2018-02-06 13:16:14 +0300] [3677] [INFO] Listening at: unix:/home/alex/prusenok/prusenok.sock (3677)
[2018-02-06 13:16:14 +0300] [3677] [INFO] Using worker: sync
[2018-02-06 13:16:14 +0300] [3683] [INFO] Booting worker with pid: 3683
[2018-02-06 13:16:14 +0300] [3684] [INFO] Booting worker with pid: 3684
[2018-02-06 13:16:15 +0300] [3677] [INFO] Handling signal: term
[2018-02-06 13:16:15 +0300] [3683] [INFO] Worker exiting (pid: 3683)
[2018-02-06 13:16:15 +0300] [3684] [INFO] Worker exiting (pid: 3684)
[2018-02-06 13:16:15 +0300] [3677] [INFO] Shutting down: Master
[2018-02-06 13:16:15 +0300] [3693] [INFO] Starting gunicorn 19.7.1
[2018-02-06 13:16:15 +0300] [3693] [INFO] Listening at: unix:/home/alex/prusenok/prusenok.sock (3693)
[2018-02-06 13:16:15 +0300] [3693] [INFO] Using worker: sync
[2018-02-06 13:16:15 +0300] [3698] [INFO] Booting worker with pid: 3698
[2018-02-06 13:16:16 +0300] [3699] [INFO] Booting worker with pid: 3699
[2018-02-06 13:16:16 +0300] [3693] [INFO] Handling signal: term
[2018-02-06 13:16:16 +0300] [3699] [INFO] Worker exiting (pid: 3699)
[2018-02-06 13:16:16 +0300] [3698] [INFO] Worker exiting (pid: 3698)
[2018-02-06 13:16:16 +0300] [3693] [INFO] Shutting down: Master
[2018-02-06 13:16:16 +0300] [3707] [INFO] Starting gunicorn 19.7.1
[2018-02-06 13:16:16 +0300] [3707] [INFO] Listening at: unix:/home/alex/prusenok/prusenok.sock (3707)
[2018-02-06 13:16:16 +0300] [3707] [INFO] Using worker: sync
[2018-02-06 13:16:16 +0300] [3713] [INFO] Booting worker with pid: 3713
[2018-02-06 13:16:17 +0300] [3715] [INFO] Booting worker with pid: 3715
[2018-02-06 13:21:21 +0300] [3713] [INFO] Worker exiting (pid: 3713)
[2018-02-06 13:21:21 +0300] [3715] [INFO] Worker exiting (pid: 3715)
[2018-02-06 13:21:21 +0300] [3707] [INFO] Handling signal: term
[2018-02-06 13:21:21 +0300] [3707] [INFO] Shutting down: Master
[2018-02-06 13:21:21 +0300] [3743] [INFO] Starting gunicorn 19.7.1
[2018-02-06 13:21:21 +0300] [3743] [INFO] Listening at: unix:/home/alex/prusenok/prusenok.sock (3743)
[2018-02-06 13:21:21 +0300] [3743] [INFO] Using worker: sync
[2018-02-06 13:21:21 +0300] [3749] [INFO] Booting worker with pid: 3749
[2018-02-06 13:21:22 +0300] [3751] [INFO] Booting worker with pid: 3751
[2018-02-08 10:15:54 +0300] [3743] [INFO] Handling signal: term
[2018-02-08 10:15:54 +0300] [3751] [INFO] Worker exiting (pid: 3751)
[2018-02-08 10:15:54 +0300] [3749] [INFO] Worker exiting (pid: 3749)
[2018-02-08 10:15:54 +0300] [3743] [INFO] Shutting down: Master
[2018-02-08 10:15:54 +0300] [12979] [INFO] Starting gunicorn 19.7.1
[2018-02-08 10:15:54 +0300] [12979] [INFO] Listening at: unix:/home/alex/prusenok/prusenok.sock (12979)
[2018-02-08 10:15:54 +0300] [12979] [INFO] Using worker: sync
[2018-02-08 10:15:54 +0300] [12984] [INFO] Booting worker with pid: 12984
[2018-02-08 10:15:54 +0300] [12985] [INFO] Booting worker with pid: 12985
[2018-02-08 10:34:47 +0300] [12985] [INFO] Worker exiting (pid: 12985)
[2018-02-08 10:34:47 +0300] [12984] [INFO] Worker exiting (pid: 12984)
[2018-02-08 10:34:47 +0300] [12979] [INFO] Handling signal: term
[2018-02-08 10:34:47 +0300] [12979] [INFO] Shutting down: Master
[2018-02-08 10:34:48 +0300] [13070] [INFO] Starting gunicorn 19.7.1
[2018-02-08 10:34:48 +0300] [13070] [INFO] Listening at: unix:/home/alex/prusenok/prusenok.sock (13070)
[2018-02-08 10:34:48 +0300] [13070] [INFO] Using worker: sync
[2018-02-08 10:34:48 +0300] [13076] [INFO] Booting worker with pid: 13076
[2018-02-08 10:34:48 +0300] [13077] [INFO] Booting worker with pid: 13077
[2018-02-08 10:56:34 +0300] [13070] [INFO] Handling signal: term
[2018-02-08 10:56:34 +0300] [13076] [INFO] Worker exiting (pid: 13076)
[2018-02-08 10:56:34 +0300] [13077] [INFO] Worker exiting (pid: 13077)
[2018-02-08 10:56:34 +0300] [13070] [INFO] Shutting down: Master
[2018-02-08 10:56:34 +0300] [13222] [INFO] Starting gunicorn 19.7.1
[2018-02-08 10:56:34 +0300] [13222] [INFO] Listening at: unix:/home/alex/prusenok/prusenok.sock (13222)
[2018-02-08 10:56:34 +0300] [13222] [INFO] Using worker: sync
[2018-02-08 10:56:34 +0300] [13228] [INFO] Booting worker with pid: 13228
[2018-02-08 10:56:34 +0300] [13229] [INFO] Booting worker with pid: 13229
